<?xml version="1.0" encoding="UTF-8"?>
<testsuite xmlns:xsi="http://www.w3.org/2001/XMLSchema-instance" xsi:noNamespaceSchemaLocation="https://maven.apache.org/surefire/maven-surefire-plugin/xsd/surefire-test-report-3.0.xsd" version="3.0" name="code.delivery.DeliverySearchTest" time="0.641" tests="11" errors="0" skipped="0" failures="2">
  <properties>
    <property name="java.specification.version" value="21"/>
    <property name="sun.cpu.isalist" value="amd64"/>
    <property name="sun.jnu.encoding" value="Cp1252"/>
    <property name="java.class.path" value="C:\gl4\AI\project\projet\target\test-classes;C:\gl4\AI\project\projet\target\classes;C:\Users\takoua\.m2\repository\org\junit\jupiter\junit-jupiter\5.10.2\junit-jupiter-5.10.2.jar;C:\Users\takoua\.m2\repository\org\junit\jupiter\junit-jupiter-api\5.10.2\junit-jupiter-api-5.10.2.jar;C:\Users\takoua\.m2\repository\org\opentest4j\opentest4j\1.3.0\opentest4j-1.3.0.jar;C:\Users\takoua\.m2\repository\org\junit\platform\junit-platform-commons\1.10.2\junit-platform-commons-1.10.2.jar;C:\Users\takoua\.m2\repository\org\apiguardian\apiguardian-api\1.1.2\apiguardian-api-1.1.2.jar;C:\Users\takoua\.m2\repository\org\junit\jupiter\junit-jupiter-params\5.10.2\junit-jupiter-params-5.10.2.jar;C:\Users\takoua\.m2\repository\org\junit\jupiter\junit-jupiter-engine\5.10.2\junit-jupiter-engine-5.10.2.jar;C:\Users\takoua\.m2\repository\org\junit\platform\junit-platform-engine\1.10.2\junit-platform-engine-1.10.2.jar;"/>
    <property name="java.vm.vendor" value="Oracle Corporation"/>
    <property name="sun.arch.data.model" value="64"/>
    <property name="user.variant" value=""/>
    <property name="java.vendor.url" value="https://java.oracle.com/"/>
    <property name="user.timezone" value="Africa/Tunis"/>
    <property name="os.name" value="Windows 10"/>
    <property name="java.vm.specification.version" value="21"/>
    <property name="sun.java.launcher" value="SUN_STANDARD"/>
    <property name="user.country" value="US"/>
    <property name="sun.boot.library.path" value="C:\Program Files\Java\jdk-21\bin"/>
    <property name="sun.java.command" value="C:\Users\takoua\AppData\Local\Temp\surefire16463787921986518792\surefirebooter-20251205204518491_3.jar C:\Users\takoua\AppData\Local\Temp\surefire16463787921986518792 2025-12-05T20-45-14_807-jvmRun1 surefire-20251205204518491_1tmp surefire_0-20251205204518491_2tmp"/>
    <property name="jdk.debug" value="release"/>
    <property name="surefire.test.class.path" value="C:\gl4\AI\project\projet\target\test-classes;C:\gl4\AI\project\projet\target\classes;C:\Users\takoua\.m2\repository\org\junit\jupiter\junit-jupiter\5.10.2\junit-jupiter-5.10.2.jar;C:\Users\takoua\.m2\repository\org\junit\jupiter\junit-jupiter-api\5.10.2\junit-jupiter-api-5.10.2.jar;C:\Users\takoua\.m2\repository\org\opentest4j\opentest4j\1.3.0\opentest4j-1.3.0.jar;C:\Users\takoua\.m2\repository\org\junit\platform\junit-platform-commons\1.10.2\junit-platform-commons-1.10.2.jar;C:\Users\takoua\.m2\repository\org\apiguardian\apiguardian-api\1.1.2\apiguardian-api-1.1.2.jar;C:\Users\takoua\.m2\repository\org\junit\jupiter\junit-jupiter-params\5.10.2\junit-jupiter-params-5.10.2.jar;C:\Users\takoua\.m2\repository\org\junit\jupiter\junit-jupiter-engine\5.10.2\junit-jupiter-engine-5.10.2.jar;C:\Users\takoua\.m2\repository\org\junit\platform\junit-platform-engine\1.10.2\junit-platform-engine-1.10.2.jar;"/>
    <property name="sun.cpu.endian" value="little"/>
    <property name="user.home" value="C:\Users\takoua"/>
    <property name="user.language" value="en"/>
    <property name="java.specification.vendor" value="Oracle Corporation"/>
    <property name="java.version.date" value="2024-01-16"/>
    <property name="java.home" value="C:\Program Files\Java\jdk-21"/>
    <property name="file.separator" value="\"/>
    <property name="basedir" value="C:\gl4\AI\project\projet"/>
    <property name="java.vm.compressedOopsMode" value="32-bit"/>
    <property name="line.separator" value="&#10;"/>
    <property name="java.vm.specification.vendor" value="Oracle Corporation"/>
    <property name="java.specification.name" value="Java Platform API Specification"/>
    <property name="surefire.real.class.path" value="C:\Users\takoua\AppData\Local\Temp\surefire16463787921986518792\surefirebooter-20251205204518491_3.jar"/>
    <property name="user.script" value=""/>
    <property name="sun.management.compiler" value="HotSpot 64-Bit Tiered Compilers"/>
    <property name="java.runtime.version" value="21.0.2+13-LTS-58"/>
    <property name="user.name" value="takoua"/>
    <property name="stdout.encoding" value="Cp1252"/>
    <property name="path.separator" value=";"/>
    <property name="os.version" value="10.0"/>
    <property name="java.runtime.name" value="Java(TM) SE Runtime Environment"/>
    <property name="file.encoding" value="UTF-8"/>
    <property name="java.vm.name" value="Java HotSpot(TM) 64-Bit Server VM"/>
    <property name="localRepository" value="C:\Users\takoua\.m2\repository"/>
    <property name="java.vendor.url.bug" value="https://bugreport.java.com/bugreport/"/>
    <property name="java.io.tmpdir" value="C:\Users\takoua\AppData\Local\Temp\"/>
    <property name="java.version" value="21.0.2"/>
    <property name="user.dir" value="C:\gl4\AI\project\projet"/>
    <property name="os.arch" value="amd64"/>
    <property name="java.vm.specification.name" value="Java Virtual Machine Specification"/>
    <property name="sun.os.patch.level" value=""/>
    <property name="native.encoding" value="Cp1252"/>
    <property name="java.library.path" value="C:\Program Files\Java\jdk-21\bin;C:\Windows\Sun\Java\bin;C:\Windows\system32;C:\Windows;c:\Users\takoua\AppData\Roaming\Code\User\globalStorage\github.copilot-chat\debugCommand;c:\Users\takoua\AppData\Roaming\Code\User\globalStorage\github.copilot-chat\copilotCli;C:\Windows\system32;C:\Windows;C:\gurobi1201\win64\bin;C:\Program Files\Java\jdk-21\bin;C:\Windows\System32\Wbem;C:\Program Files\Java\jdk1.8.0_202\bin;C:\Program Files\Java\jdk1.6.0_38\bin;C:\Program Files\Common Files\Oracle\Java\javapath;C:\Program Files (x86)\Common Files\Oracle\Java\java8path;C:\Program Files (x86)\Common Files\Oracle\Java\javapath;C:\Program Files\CodeBlocks\MinGW\bin;C:\Program Files\CMake\bin;C:\Windows\System32\WindowsPowerShell\v1.0\;C:\Windows\System32\OpenSSH\;C:\Program Files\Git\cmd;C:\ProgramData\chocolatey\bin;C:\xampp\php;C:\composer;C:\Program Files\Docker\Docker\resources\bin;C:\Program Files\dotnet\;C:\Program Files (x86)\Microsoft SQL Server\160\Tools\Binn\;C:\Program Files\Microsoft SQL Server\160\Tools\Binn\;C:\Program Files\Microsoft SQL Server\Client SDK\ODBC\170\Tools\Binn\;C:\Program Files\Microsoft SQL Server\160\DTS\Binn\;C:\Program Files (x86)\Microsoft SQL Server\160\DTS\Binn\;C:\Program Files\swipl\bin;C:\Program Files\apache-maven-3.9.9\bin;C:\Program Files\nodejs\;C:\Users\takoua\AppData\Local\Pub\Cache\bin;C:\Users\takoua\AppData\Local\Microsoft\WindowsApps;C:\Users\takoua\AppData\Local\Programs\Python\Launcher\;C:\Users\takoua\scoop\shims;C:\Users\takoua\AppData\Roaming\Composer\vendor\bin;C:\Program Files\CMake\bin;C:\Program Files (x86)\Nmap;C:\Users\takoua\.dotnet\tools;C:\Program Files\JetBrains\CLion 2024.3.2\bin;;C:\Users\takoua\AppData\Local\Programs\mongosh\;C:\Users\takoua\AppData\Local\Programs\MiKTeX\miktex\bin\x64\;C:\Users\takoua\AppData\Roaming\npm;C:\Users\takoua\AppData\Local\Programs\Microsoft VS Code\bin;C:\flutter\bin;;."/>
    <property name="java.vm.info" value="mixed mode, sharing"/>
    <property name="stderr.encoding" value="Cp1252"/>
    <property name="java.vendor" value="Oracle Corporation"/>
    <property name="java.vm.version" value="21.0.2+13-LTS-58"/>
    <property name="sun.io.unicode.encoding" value="UnicodeLittle"/>
    <property name="java.class.version" value="65.0"/>
  </properties>
  <testcase name="testAStar1_StoreToCustomer2_WithTunnel" classname="code.delivery.DeliverySearchTest" time="0.16">
    <failure message="Cost should be at least optimal ==&gt; expected: &lt;true&gt; but was: &lt;false&gt;" type="org.opentest4j.AssertionFailedError"><![CDATA[org.opentest4j.AssertionFailedError: Cost should be at least optimal ==> expected: <true> but was: <false>
	at org.junit.jupiter.api.AssertionFailureBuilder.build(AssertionFailureBuilder.java:151)
	at org.junit.jupiter.api.AssertionFailureBuilder.buildAndThrow(AssertionFailureBuilder.java:132)
	at org.junit.jupiter.api.AssertTrue.failNotTrue(AssertTrue.java:63)
	at org.junit.jupiter.api.AssertTrue.assertTrue(AssertTrue.java:36)
	at org.junit.jupiter.api.Assertions.assertTrue(Assertions.java:214)
	at code.delivery.DeliverySearchTest.testAStar1_StoreToCustomer2_WithTunnel(DeliverySearchTest.java:480)
	at java.base/java.lang.reflect.Method.invoke(Method.java:580)
	at java.base/java.util.ArrayList.forEach(ArrayList.java:1596)
	at java.base/java.util.ArrayList.forEach(ArrayList.java:1596)
]]></failure>
    <system-out><![CDATA[=== Test Grid Initialized ===
Store: (0,0)
Customer 1: (4,0)
Customer 2: (4,2)
Tunnel: (2,2) <-> (2,3)
DEBUG: Simulating path from (0,0) with actions: up,right,up,right,right,right
  Step 1 (up): to (0,1)
  Step 2 (right): to (1,1)
  Step 3 (up): to (1,2)
  Step 4 (right): to (2,2)
  Step 5 (right): to (3,2)
  Step 6 (right): to (4,2)
DEBUG: Path validated OK, ends at (4,2), cost=7

=== A*-h1 Test: Store(0,0) -> Customer2(4,2) with Tunnel ===
Path: up,right,up,right,right,right,|RETURN|,left,left,left,down,left,down
Cost: 7
Nodes Expanded: 8
]]></system-out>
  </testcase>
  <testcase name="testUCS_StoreToCustomer1" classname="code.delivery.DeliverySearchTest" time="0.018">
    <system-out><![CDATA[DEBUG: Simulating path from (0,0) with actions: right,right,right,right
  Step 1 (right): to (1,0)
  Step 2 (right): to (2,0)
  Step 3 (right): to (3,0)
  Step 4 (right): to (4,0)
DEBUG: Path validated OK, ends at (4,0), cost=10

=== UCS Test: Store(0,0) -> Customer1(4,0) ===
Path: right,right,right,right,|RETURN|,left,left,left,left
Cost: 10
Nodes Expanded: 19
]]></system-out>
  </testcase>
  <testcase name="testDFS_StoreToCustomer1" classname="code.delivery.DeliverySearchTest" time="0.025">
    <system-out><![CDATA[DEBUG: Simulating path from (0,0) with actions: up,up,up,right,down,down,down,right,up,up,up,right,down,down,right,down
  Step 1 (up): to (0,1)
  Step 2 (up): to (0,2)
  Step 3 (up): to (0,3)
  Step 4 (right): to (1,3)
  Step 5 (down): to (1,2)
  Step 6 (down): to (1,1)
  Step 7 (down): to (1,0)
  Step 8 (right): to (2,0)
  Step 9 (up): to (2,1)
  Step 10 (up): to (2,2)
  Step 11 (up): to (2,3)
  Step 12 (right): to (3,3)
  Step 13 (down): to (3,2)
  Step 14 (down): to (3,1)
  Step 15 (right): to (4,1)
  Step 16 (down): to (4,0)
DEBUG: Path validated OK, ends at (4,0), cost=32

=== DFS Test: Store(0,0) -> Customer1(4,0) ===
Path: up,up,up,right,down,down,down,right,up,up,up,right,down,down,right,down,|RETURN|,up,left,up,up,left,down,down,down,left,up,up,up,left,down,down,down
Cost: 32
Nodes Expanded: 18
]]></system-out>
  </testcase>
  <testcase name="testID_StoreToCustomer1" classname="code.delivery.DeliverySearchTest" time="0.013">
    <system-out><![CDATA[DEBUG: Simulating path from (0,0) with actions: right,right,right,right
  Step 1 (right): to (1,0)
  Step 2 (right): to (2,0)
  Step 3 (right): to (3,0)
  Step 4 (right): to (4,0)
DEBUG: Path validated OK, ends at (4,0), cost=10

=== ID Test: Store(0,0) -> Customer1(4,0) ===
Path: right,right,right,right,|RETURN|,left,left,left,left
Cost: 10
Nodes Expanded: 12
]]></system-out>
  </testcase>
  <testcase name="testAStar2_StoreToCustomer1" classname="code.delivery.DeliverySearchTest" time="0.011">
    <system-out><![CDATA[DEBUG: Simulating path from (0,0) with actions: right,right,right,right
  Step 1 (right): to (1,0)
  Step 2 (right): to (2,0)
  Step 3 (right): to (3,0)
  Step 4 (right): to (4,0)
DEBUG: Path validated OK, ends at (4,0), cost=10

=== A*-h2 Test: Store(0,0) -> Customer1(4,0) ===
Path: right,right,right,right,|RETURN|,left,left,left,left
Cost: 10
Nodes Expanded: 7
]]></system-out>
  </testcase>
  <testcase name="testAllAlgorithms_Comparison" classname="code.delivery.DeliverySearchTest" time="0.075">
    <system-out><![CDATA[
=== Algorithm Comparison: Store(0,0) -> Customer1(4,0) ===
Strategy | Cost   | Nodes Expanded  | Path Preview
----------------------------------------------------------------------
DEBUG: Simulating path from (0,0) with actions: right,right,right,right
  Step 1 (right): to (1,0)
  Step 2 (right): to (2,0)
  Step 3 (right): to (3,0)
  Step 4 (right): to (4,0)
DEBUG: Path validated OK, ends at (4,0), cost=10
BF       | 10     | 12              | right,right,right,right,|RETUR...
DEBUG: Simulating path from (0,0) with actions: up,up,up,right,down,down,down,right,up,up,up,right,down,down,right,down
  Step 1 (up): to (0,1)
  Step 2 (up): to (0,2)
  Step 3 (up): to (0,3)
  Step 4 (right): to (1,3)
  Step 5 (down): to (1,2)
  Step 6 (down): to (1,1)
  Step 7 (down): to (1,0)
  Step 8 (right): to (2,0)
  Step 9 (up): to (2,1)
  Step 10 (up): to (2,2)
  Step 11 (up): to (2,3)
  Step 12 (right): to (3,3)
  Step 13 (down): to (3,2)
  Step 14 (down): to (3,1)
  Step 15 (right): to (4,1)
  Step 16 (down): to (4,0)
DEBUG: Path validated OK, ends at (4,0), cost=32
DF       | 32     | 18              | up,up,up,right,down,down,down,...
DEBUG: Simulating path from (0,0) with actions: right,right,right,right
  Step 1 (right): to (1,0)
  Step 2 (right): to (2,0)
  Step 3 (right): to (3,0)
  Step 4 (right): to (4,0)
DEBUG: Path validated OK, ends at (4,0), cost=10
ID       | 10     | 12              | right,right,right,right,|RETUR...
DEBUG: Simulating path from (0,0) with actions: right,right,right,right
  Step 1 (right): to (1,0)
  Step 2 (right): to (2,0)
  Step 3 (right): to (3,0)
  Step 4 (right): to (4,0)
DEBUG: Path validated OK, ends at (4,0), cost=10
UC       | 10     | 19              | right,right,right,right,|RETUR...
DEBUG: Simulating path from (0,0) with actions: right,right,right,right
  Step 1 (right): to (1,0)
  Step 2 (right): to (2,0)
  Step 3 (right): to (3,0)
  Step 4 (right): to (4,0)
DEBUG: Path validated OK, ends at (4,0), cost=10
GR1      | 10     | 4               | right,right,right,right,|RETUR...
DEBUG: Simulating path from (0,0) with actions: right,right,right,right
  Step 1 (right): to (1,0)
  Step 2 (right): to (2,0)
  Step 3 (right): to (3,0)
  Step 4 (right): to (4,0)
DEBUG: Path validated OK, ends at (4,0), cost=10
GR2      | 10     | 4               | right,right,right,right,|RETUR...
DEBUG: Simulating path from (0,0) with actions: up,right,up,right,right,down,right,down
  Step 1 (up): to (0,1)
  Step 2 (right): to (1,1)
  Step 3 (up): to (1,2)
  Step 4 (right): to (2,2)
  Step 5 (right): to (3,2)
  Step 6 (down): to (3,1)
  Step 7 (right): to (4,1)
  Step 8 (down): to (4,0)
DEBUG: Path validated OK, ends at (4,0), cost=10
AS1      | 10     | 14              | up,right,up,right,right,down,r...
DEBUG: Simulating path from (0,0) with actions: right,right,right,right
  Step 1 (right): to (1,0)
  Step 2 (right): to (2,0)
  Step 3 (right): to (3,0)
  Step 4 (right): to (4,0)
DEBUG: Path validated OK, ends at (4,0), cost=10
AS2      | 10     | 7               | right,right,right,right,|RETUR...

Expected: UC and AS1 should find optimal cost (10)
Expected: AS1/AS2 should expand fewer nodes than UC
Expected: BF/ID find shortest # of moves (4 moves)
]]></system-out>
  </testcase>
  <testcase name="testBFS_StoreToCustomer1" classname="code.delivery.DeliverySearchTest" time="0.013">
    <system-out><![CDATA[DEBUG: Simulating path from (0,0) with actions: right,right,right,right
  Step 1 (right): to (1,0)
  Step 2 (right): to (2,0)
  Step 3 (right): to (3,0)
  Step 4 (right): to (4,0)
DEBUG: Path validated OK, ends at (4,0), cost=10

=== BFS Test: Store(0,0) -> Customer1(4,0) ===
Path: right,right,right,right,|RETURN|,left,left,left,left
Cost: 10
Nodes Expanded: 12
]]></system-out>
  </testcase>
  <testcase name="testAStar1_StoreToCustomer1" classname="code.delivery.DeliverySearchTest" time="0.011">
    <system-out><![CDATA[DEBUG: Simulating path from (0,0) with actions: up,right,up,right,right,down,right,down
  Step 1 (up): to (0,1)
  Step 2 (right): to (1,1)
  Step 3 (up): to (1,2)
  Step 4 (right): to (2,2)
  Step 5 (right): to (3,2)
  Step 6 (down): to (3,1)
  Step 7 (right): to (4,1)
  Step 8 (down): to (4,0)
DEBUG: Path validated OK, ends at (4,0), cost=10

=== A*-h1 Test: Store(0,0) -> Customer1(4,0) ===
Path: up,right,up,right,right,down,right,down,|RETURN|,up,left,up,left,left,down,left,down
Cost: 10
Nodes Expanded: 14
]]></system-out>
  </testcase>
  <testcase name="testGreedy2_StoreToCustomer1" classname="code.delivery.DeliverySearchTest" time="0.006">
    <system-out><![CDATA[DEBUG: Simulating path from (0,0) with actions: right,right,right,right
  Step 1 (right): to (1,0)
  Step 2 (right): to (2,0)
  Step 3 (right): to (3,0)
  Step 4 (right): to (4,0)
DEBUG: Path validated OK, ends at (4,0), cost=10

=== Greedy-h2 Test: Store(0,0) -> Customer1(4,0) ===
Path: right,right,right,right,|RETURN|,left,left,left,left
Cost: 10
Nodes Expanded: 4
]]></system-out>
  </testcase>
  <testcase name="testGreedy1_StoreToCustomer1" classname="code.delivery.DeliverySearchTest" time="0.009">
    <system-out><![CDATA[DEBUG: Simulating path from (0,0) with actions: right,right,right,right
  Step 1 (right): to (1,0)
  Step 2 (right): to (2,0)
  Step 3 (right): to (3,0)
  Step 4 (right): to (4,0)
DEBUG: Path validated OK, ends at (4,0), cost=10

=== Greedy-h1 Test: Store(0,0) -> Customer1(4,0) ===
Path: right,right,right,right,|RETURN|,left,left,left,left
Cost: 10
Nodes Expanded: 4
]]></system-out>
  </testcase>
  <testcase name="testUCS_StoreToCustomer2_ComplexPath" classname="code.delivery.DeliverySearchTest" time="0.042">
    <failure message="Cost should be at least 11 (optimal) ==&gt; expected: &lt;true&gt; but was: &lt;false&gt;" type="org.opentest4j.AssertionFailedError"><![CDATA[org.opentest4j.AssertionFailedError: Cost should be at least 11 (optimal) ==> expected: <true> but was: <false>
	at org.junit.jupiter.api.AssertionFailureBuilder.build(AssertionFailureBuilder.java:151)
	at org.junit.jupiter.api.AssertionFailureBuilder.buildAndThrow(AssertionFailureBuilder.java:132)
	at org.junit.jupiter.api.AssertTrue.failNotTrue(AssertTrue.java:63)
	at org.junit.jupiter.api.AssertTrue.assertTrue(AssertTrue.java:36)
	at org.junit.jupiter.api.Assertions.assertTrue(Assertions.java:214)
	at code.delivery.DeliverySearchTest.testUCS_StoreToCustomer2_ComplexPath(DeliverySearchTest.java:451)
	at java.base/java.lang.reflect.Method.invoke(Method.java:580)
	at java.base/java.util.ArrayList.forEach(ArrayList.java:1596)
	at java.base/java.util.ArrayList.forEach(ArrayList.java:1596)
]]></failure>
    <system-out><![CDATA[DEBUG: Simulating path from (0,0) with actions: up,right,up,right,right,right
  Step 1 (up): to (0,1)
  Step 2 (right): to (1,1)
  Step 3 (up): to (1,2)
  Step 4 (right): to (2,2)
  Step 5 (right): to (3,2)
  Step 6 (right): to (4,2)
DEBUG: Path validated OK, ends at (4,2), cost=7

=== UCS Test: Store(0,0) -> Customer2(4,2) ===
Path: up,right,up,right,right,right,|RETURN|,left,left,left,down,left,down
Cost: 7
Nodes Expanded: 15
]]></system-out>
  </testcase>
</testsuite>